2022-10-01 11:16:24,324 The program was called with this parameters ['18']
2022-10-01 11:16:24,324 First parameter is 18
2022-10-01 11:16:24,324 You are an adult
2022-10-01 11:16:28,665 The program was called with this parameters ['18']
2022-10-01 11:16:28,665 First parameter is 18
2022-10-01 11:16:28,665 You are an adult
2022-10-01 12:19:06,826 The program was called with this parameters []
2022-10-01 12:19:12,158 The program was called with this parameters ['18']
2022-10-01 12:19:12,158 First parameter is 18
2022-10-01 12:19:12,158 You are an adult
2022-10-01 12:33:40,196 The program was called with this parameters []
2022-10-01 12:34:51,017 The program was called with this parameters ['18']
2022-10-01 12:34:51,018 First parameter is 18
2022-10-01 12:34:51,018 You are an adult
2022-10-03 23:29:12,120 Kalkulator
2022-10-03 23:29:21,803 Zdecydowa³eœ siê na: 1
2022-10-03 23:29:30,050 Wskazales liczbe:2.0 Liczba numer dwa, to:
2022-10-03 23:30:12,431 Kalkulator
2022-10-03 23:30:15,082 Zdecydowa³eœ siê na: 1
2022-10-03 23:30:16,195 Wskazales liczbe:1.0 Liczba numer dwa, to:
